  Application5.cpp
Application5.cpp(91): warning C4838: conversion from 'double' to 'float' requires a narrowing conversion
Application5.cpp(91): warning C4305: 'initializing': truncation from 'double' to 'float'
Application5.cpp(99): warning C4838: conversion from 'double' to 'float' requires a narrowing conversion
Application5.cpp(99): warning C4305: 'initializing': truncation from 'double' to 'float'
Application5.cpp(106): warning C4305: '=': truncation from 'double' to 'float'
Application5.cpp(107): warning C4305: '=': truncation from 'double' to 'float'
Application5.cpp(110): warning C4305: '=': truncation from 'double' to 'float'
Application5.cpp(114): warning C4305: '=': truncation from 'double' to 'float'
Application5.cpp(123): warning C4838: conversion from 'double' to 'float' requires a narrowing conversion
Application5.cpp(123): warning C4305: 'initializing': truncation from 'double' to 'float'
Application5.cpp(124): warning C4838: conversion from 'double' to 'float' requires a narrowing conversion
Application5.cpp(124): warning C4305: 'initializing': truncation from 'double' to 'float'
Application5.cpp(125): warning C4838: conversion from 'double' to 'float' requires a narrowing conversion
Application5.cpp(125): warning C4305: 'initializing': truncation from 'double' to 'float'
Application5.cpp(126): warning C4838: conversion from 'double' to 'float' requires a narrowing conversion
Application5.cpp(126): warning C4305: 'initializing': truncation from 'double' to 'float'
Application5.cpp(129): warning C4838: conversion from 'double' to 'float' requires a narrowing conversion
Application5.cpp(129): warning C4305: 'initializing': truncation from 'double' to 'float'
Application5.cpp(130): warning C4838: conversion from 'double' to 'float' requires a narrowing conversion
Application5.cpp(130): warning C4305: 'initializing': truncation from 'double' to 'float'
Application5.cpp(131): warning C4838: conversion from 'double' to 'float' requires a narrowing conversion
Application5.cpp(131): warning C4305: 'initializing': truncation from 'double' to 'float'
Application5.cpp(54): warning C4101: 'shaderType': unreferenced local variable
Application5.cpp(48): warning C4101: 'xRes': unreferenced local variable
Application5.cpp(48): warning C4101: 'yRes': unreferenced local variable
Application5.cpp(218): warning C4996: 'fopen': This function or variable may be unsafe. Consider using fopen_s instead. To disable deprecation, use _CRT_SECURE_NO_WARNINGS. See online help for details.
  C:\Program Files (x86)\Windows Kits\10\Include\10.0.10240.0\ucrt\stdio.h(205): note: see declaration of 'fopen'
Application5.cpp(225): warning C4996: 'fopen': This function or variable may be unsafe. Consider using fopen_s instead. To disable deprecation, use _CRT_SECURE_NO_WARNINGS. See online help for details.
  C:\Program Files (x86)\Windows Kits\10\Include\10.0.10240.0\ucrt\stdio.h(205): note: see declaration of 'fopen'
Application5.cpp(235): warning C4996: 'fscanf': This function or variable may be unsafe. Consider using fscanf_s instead. To disable deprecation, use _CRT_SECURE_NO_WARNINGS. See online help for details.
  C:\Program Files (x86)\Windows Kits\10\Include\10.0.10240.0\ucrt\stdio.h(1193): note: see declaration of 'fscanf'
Application5.cpp(236): warning C4996: 'fscanf': This function or variable may be unsafe. Consider using fscanf_s instead. To disable deprecation, use _CRT_SECURE_NO_WARNINGS. See online help for details.
  C:\Program Files (x86)\Windows Kits\10\Include\10.0.10240.0\ucrt\stdio.h(1193): note: see declaration of 'fscanf'
Application5.cpp(242): warning C4996: 'fscanf': This function or variable may be unsafe. Consider using fscanf_s instead. To disable deprecation, use _CRT_SECURE_NO_WARNINGS. See online help for details.
  C:\Program Files (x86)\Windows Kits\10\Include\10.0.10240.0\ucrt\stdio.h(1193): note: see declaration of 'fscanf'
Application5.cpp(248): warning C4996: 'fscanf': This function or variable may be unsafe. Consider using fscanf_s instead. To disable deprecation, use _CRT_SECURE_NO_WARNINGS. See online help for details.
  C:\Program Files (x86)\Windows Kits\10\Include\10.0.10240.0\ucrt\stdio.h(1193): note: see declaration of 'fscanf'
  CS580HW5.vcxproj -> D:\VSWorkSpace\opengl-bootcamp\Procedural and image textures\.\Debug\CS580HW5.exe
  CS580HW5.vcxproj -> .\Debug\CS580HW5.pdb (Full PDB)
