  StdAfx.cpp
C:\Program Files (x86)\Microsoft Visual Studio 14.0\VC\atlmfc\include\afx.h(38): warning C4996: 'MBCS_Support_Deprecated_In_MFC': MBCS support in MFC is deprecated and may be removed in a future version of MFC.
  C:\Program Files (x86)\Microsoft Visual Studio 14.0\VC\atlmfc\include\afx.h(33): note: see declaration of 'MBCS_Support_Deprecated_In_MFC'
  _WIN32_WINNT not defined. Defaulting to _WIN32_WINNT_MAXVER (see WinSDKVer.h)
  TranslateDlg.cpp
  tex_fun.cpp
tex_fun.cpp(34): warning C4244: '=': conversion from 'double' to 'float', possible loss of data
tex_fun.cpp(35): warning C4244: '=': conversion from 'double' to 'float', possible loss of data
tex_fun.cpp(36): warning C4244: '=': conversion from 'double' to 'float', possible loss of data
tex_fun.cpp(52): warning C4244: '=': conversion from 'double' to 'float', possible loss of data
tex_fun.cpp(53): warning C4244: '=': conversion from 'double' to 'float', possible loss of data
tex_fun.cpp(20): warning C4996: 'fopen': This function or variable may be unsafe. Consider using fopen_s instead. To disable deprecation, use _CRT_SECURE_NO_WARNINGS. See online help for details.
  C:\Program Files (x86)\Windows Kits\10\Include\10.0.10240.0\ucrt\stdio.h(205): note: see declaration of 'fopen'
tex_fun.cpp(25): warning C4996: 'fscanf': This function or variable may be unsafe. Consider using fscanf_s instead. To disable deprecation, use _CRT_SECURE_NO_WARNINGS. See online help for details.
  C:\Program Files (x86)\Windows Kits\10\Include\10.0.10240.0\ucrt\stdio.h(1193): note: see declaration of 'fscanf'
tex_fun.cpp(16): warning C4101: 'j': unreferenced local variable
  ScaleDlg.cpp
  RotateDlg.cpp
  rend.cpp
rend.cpp(94): warning C4244: '=': conversion from 'int' to 'float', possible loss of data
rend.cpp(97): warning C4244: '=': conversion from 'int' to 'float', possible loss of data
rend.cpp(100): warning C4244: '=': conversion from 'int' to 'float', possible loss of data
rend.cpp(102): warning C4244: '=': conversion from 'int' to 'float', possible loss of data
rend.cpp(106): warning C4305: '=': truncation from 'INT' to 'float'
rend.cpp(127): warning C4838: conversion from 'double' to 'float' requires a narrowing conversion
rend.cpp(127): warning C4305: 'initializing': truncation from 'double' to 'float'
rend.cpp(128): warning C4838: conversion from 'double' to 'float' requires a narrowing conversion
rend.cpp(128): warning C4305: 'initializing': truncation from 'double' to 'float'
rend.cpp(129): warning C4838: conversion from 'double' to 'float' requires a narrowing conversion
rend.cpp(129): warning C4305: 'initializing': truncation from 'double' to 'float'
rend.cpp(533): warning C4244: '=': conversion from 'float' to 'int', possible loss of data
rend.cpp(534): warning C4244: '=': conversion from 'float' to 'int', possible loss of data
rend.cpp(535): warning C4244: '=': conversion from 'float' to 'int', possible loss of data
rend.cpp(536): warning C4244: '=': conversion from 'float' to 'int', possible loss of data
rend.cpp(557): warning C4838: conversion from 'int' to 'float' requires a narrowing conversion
rend.cpp(557): warning C4244: 'initializing': conversion from 'int' to 'float', possible loss of data
rend.cpp(574): warning C4244: '=': conversion from 'float' to 'GzDepth', possible loss of data
rend.cpp(602): warning C4244: '=': conversion from 'float' to 'GzDepth', possible loss of data
rend.cpp(643): warning C4244: '=': conversion from 'float' to 'GzDepth', possible loss of data
  MainFrm.cpp
  CS580HWView.cpp
  CS580HWDoc.cpp
  CS580HW.cpp
CS580HW.cpp(58): warning C4996: 'CWinApp::Enable3dControls': CWinApp::Enable3dControls is no longer needed. You should remove this call.
  C:\Program Files (x86)\Microsoft Visual Studio 14.0\VC\atlmfc\include\afxwin.h(5224): note: see declaration of 'CWinApp::Enable3dControls'
  Application5.cpp
Application5.cpp(91): warning C4838: conversion from 'double' to 'float' requires a narrowing conversion
Application5.cpp(91): warning C4305: 'initializing': truncation from 'double' to 'float'
Application5.cpp(99): warning C4838: conversion from 'double' to 'float' requires a narrowing conversion
Application5.cpp(99): warning C4305: 'initializing': truncation from 'double' to 'float'
Application5.cpp(106): warning C4305: '=': truncation from 'double' to 'float'
Application5.cpp(107): warning C4305: '=': truncation from 'double' to 'float'
Application5.cpp(110): warning C4305: '=': truncation from 'double' to 'float'
Application5.cpp(114): warning C4305: '=': truncation from 'double' to 'float'
Application5.cpp(123): warning C4838: conversion from 'double' to 'float' requires a narrowing conversion
Application5.cpp(123): warning C4305: 'initializing': truncation from 'double' to 'float'
Application5.cpp(124): warning C4838: conversion from 'double' to 'float' requires a narrowing conversion
Application5.cpp(124): warning C4305: 'initializing': truncation from 'double' to 'float'
Application5.cpp(125): warning C4838: conversion from 'double' to 'float' requires a narrowing conversion
Application5.cpp(125): warning C4305: 'initializing': truncation from 'double' to 'float'
Application5.cpp(126): warning C4838: conversion from 'double' to 'float' requires a narrowing conversion
Application5.cpp(126): warning C4305: 'initializing': truncation from 'double' to 'float'
Application5.cpp(129): warning C4838: conversion from 'double' to 'float' requires a narrowing conversion
Application5.cpp(129): warning C4305: 'initializing': truncation from 'double' to 'float'
Application5.cpp(130): warning C4838: conversion from 'double' to 'float' requires a narrowing conversion
Application5.cpp(130): warning C4305: 'initializing': truncation from 'double' to 'float'
Application5.cpp(131): warning C4838: conversion from 'double' to 'float' requires a narrowing conversion
Application5.cpp(131): warning C4305: 'initializing': truncation from 'double' to 'float'
Application5.cpp(54): warning C4101: 'shaderType': unreferenced local variable
Application5.cpp(48): warning C4101: 'xRes': unreferenced local variable
Application5.cpp(48): warning C4101: 'yRes': unreferenced local variable
Application5.cpp(218): warning C4996: 'fopen': This function or variable may be unsafe. Consider using fopen_s instead. To disable deprecation, use _CRT_SECURE_NO_WARNINGS. See online help for details.
  C:\Program Files (x86)\Windows Kits\10\Include\10.0.10240.0\ucrt\stdio.h(205): note: see declaration of 'fopen'
Application5.cpp(225): warning C4996: 'fopen': This function or variable may be unsafe. Consider using fopen_s instead. To disable deprecation, use _CRT_SECURE_NO_WARNINGS. See online help for details.
  C:\Program Files (x86)\Windows Kits\10\Include\10.0.10240.0\ucrt\stdio.h(205): note: see declaration of 'fopen'
Application5.cpp(235): warning C4996: 'fscanf': This function or variable may be unsafe. Consider using fscanf_s instead. To disable deprecation, use _CRT_SECURE_NO_WARNINGS. See online help for details.
  C:\Program Files (x86)\Windows Kits\10\Include\10.0.10240.0\ucrt\stdio.h(1193): note: see declaration of 'fscanf'
Application5.cpp(236): warning C4996: 'fscanf': This function or variable may be unsafe. Consider using fscanf_s instead. To disable deprecation, use _CRT_SECURE_NO_WARNINGS. See online help for details.
  C:\Program Files (x86)\Windows Kits\10\Include\10.0.10240.0\ucrt\stdio.h(1193): note: see declaration of 'fscanf'
Application5.cpp(242): warning C4996: 'fscanf': This function or variable may be unsafe. Consider using fscanf_s instead. To disable deprecation, use _CRT_SECURE_NO_WARNINGS. See online help for details.
  C:\Program Files (x86)\Windows Kits\10\Include\10.0.10240.0\ucrt\stdio.h(1193): note: see declaration of 'fscanf'
Application5.cpp(248): warning C4996: 'fscanf': This function or variable may be unsafe. Consider using fscanf_s instead. To disable deprecation, use _CRT_SECURE_NO_WARNINGS. See online help for details.
  C:\Program Files (x86)\Windows Kits\10\Include\10.0.10240.0\ucrt\stdio.h(1193): note: see declaration of 'fscanf'
  Application.cpp
  Generating Code...
  LINK : program database D:\VSWorkSpace\opengl-bootcamp\Accumulation buffer anti-aliasing\Debug\CS580HW5.pdb missing; performing full link
  CS580HW5.vcxproj -> D:\VSWorkSpace\opengl-bootcamp\Accumulation buffer anti-aliasing\.\Debug\CS580HW5.exe
  CS580HW5.vcxproj -> .\Debug\CS580HW5.pdb (Full PDB)
