d:\vsworkspace\opengl-bootcamp\accumulation buffer anti-aliasing\debug\vc140.pdb
d:\vsworkspace\opengl-bootcamp\accumulation buffer anti-aliasing\debug\vc140.idb
d:\vsworkspace\opengl-bootcamp\accumulation buffer anti-aliasing\debug\application.obj
d:\vsworkspace\opengl-bootcamp\accumulation buffer anti-aliasing\debug\application5.obj
d:\vsworkspace\opengl-bootcamp\accumulation buffer anti-aliasing\debug\cs580hw.obj
d:\vsworkspace\opengl-bootcamp\accumulation buffer anti-aliasing\debug\cs580hwdoc.obj
d:\vsworkspace\opengl-bootcamp\accumulation buffer anti-aliasing\debug\cs580hwview.obj
d:\vsworkspace\opengl-bootcamp\accumulation buffer anti-aliasing\debug\mainfrm.obj
d:\vsworkspace\opengl-bootcamp\accumulation buffer anti-aliasing\debug\normal_fun.obj
d:\vsworkspace\opengl-bootcamp\accumulation buffer anti-aliasing\debug\rend.obj
d:\vsworkspace\opengl-bootcamp\accumulation buffer anti-aliasing\debug\rotatedlg.obj
d:\vsworkspace\opengl-bootcamp\accumulation buffer anti-aliasing\debug\scaledlg.obj
d:\vsworkspace\opengl-bootcamp\accumulation buffer anti-aliasing\debug\tex_fun.obj
d:\vsworkspace\opengl-bootcamp\accumulation buffer anti-aliasing\debug\translatedlg.obj
d:\vsworkspace\opengl-bootcamp\accumulation buffer anti-aliasing\debug\cs580hw5.ilk
d:\vsworkspace\opengl-bootcamp\accumulation buffer anti-aliasing\debug\cs580hw5.exe
d:\vsworkspace\opengl-bootcamp\accumulation buffer anti-aliasing\debug\cs580hw5.pdb
d:\vsworkspace\opengl-bootcamp\accumulation buffer anti-aliasing\debug\cs580hw.res
d:\vsworkspace\opengl-bootcamp\accumulation buffer anti-aliasing\debug\stdafx.obj
d:\vsworkspace\opengl-bootcamp\accumulation buffer anti-aliasing\.\debug\cs580hw5.exe
d:\vsworkspace\opengl-bootcamp\accumulation buffer anti-aliasing\debug\cs580hw5.tlog\cl.command.1.tlog
d:\vsworkspace\opengl-bootcamp\accumulation buffer anti-aliasing\debug\cs580hw5.tlog\cl.read.1.tlog
d:\vsworkspace\opengl-bootcamp\accumulation buffer anti-aliasing\debug\cs580hw5.tlog\cl.write.1.tlog
d:\vsworkspace\opengl-bootcamp\accumulation buffer anti-aliasing\debug\cs580hw5.tlog\link.command.1.tlog
d:\vsworkspace\opengl-bootcamp\accumulation buffer anti-aliasing\debug\cs580hw5.tlog\link.read.1.tlog
d:\vsworkspace\opengl-bootcamp\accumulation buffer anti-aliasing\debug\cs580hw5.tlog\link.write.1.tlog
d:\vsworkspace\opengl-bootcamp\accumulation buffer anti-aliasing\debug\cs580hw5.tlog\rc.command.1.tlog
d:\vsworkspace\opengl-bootcamp\accumulation buffer anti-aliasing\debug\cs580hw5.tlog\rc.read.1.tlog
d:\vsworkspace\opengl-bootcamp\accumulation buffer anti-aliasing\debug\cs580hw5.tlog\rc.write.1.tlog
