  Application5.cpp
Application5.cpp(24): warning C4838: conversion from 'double' to 'float' requires a narrowing conversion
Application5.cpp(24): warning C4305: 'initializing': truncation from 'double' to 'float'
Application5.cpp(94): warning C4838: conversion from 'double' to 'float' requires a narrowing conversion
Application5.cpp(94): warning C4305: 'initializing': truncation from 'double' to 'float'
Application5.cpp(102): warning C4838: conversion from 'double' to 'float' requires a narrowing conversion
Application5.cpp(102): warning C4305: 'initializing': truncation from 'double' to 'float'
Application5.cpp(109): warning C4305: '=': truncation from 'double' to 'float'
Application5.cpp(110): warning C4305: '=': truncation from 'double' to 'float'
Application5.cpp(113): warning C4305: '=': truncation from 'double' to 'float'
Application5.cpp(117): warning C4305: '=': truncation from 'double' to 'float'
Application5.cpp(126): warning C4838: conversion from 'double' to 'float' requires a narrowing conversion
Application5.cpp(126): warning C4305: 'initializing': truncation from 'double' to 'float'
Application5.cpp(127): warning C4838: conversion from 'double' to 'float' requires a narrowing conversion
Application5.cpp(127): warning C4305: 'initializing': truncation from 'double' to 'float'
Application5.cpp(128): warning C4838: conversion from 'double' to 'float' requires a narrowing conversion
Application5.cpp(128): warning C4305: 'initializing': truncation from 'double' to 'float'
Application5.cpp(129): warning C4838: conversion from 'double' to 'float' requires a narrowing conversion
Application5.cpp(129): warning C4305: 'initializing': truncation from 'double' to 'float'
Application5.cpp(132): warning C4838: conversion from 'double' to 'float' requires a narrowing conversion
Application5.cpp(132): warning C4305: 'initializing': truncation from 'double' to 'float'
Application5.cpp(133): warning C4838: conversion from 'double' to 'float' requires a narrowing conversion
Application5.cpp(133): warning C4305: 'initializing': truncation from 'double' to 'float'
Application5.cpp(134): warning C4838: conversion from 'double' to 'float' requires a narrowing conversion
Application5.cpp(134): warning C4305: 'initializing': truncation from 'double' to 'float'
Application5.cpp(54): warning C4101: 'shaderType': unreferenced local variable
Application5.cpp(48): warning C4101: 'xRes': unreferenced local variable
Application5.cpp(48): warning C4101: 'yRes': unreferenced local variable
Application5.cpp(233): warning C4996: 'fopen': This function or variable may be unsafe. Consider using fopen_s instead. To disable deprecation, use _CRT_SECURE_NO_WARNINGS. See online help for details.
  C:\Program Files (x86)\Windows Kits\10\Include\10.0.10240.0\ucrt\stdio.h(205): note: see declaration of 'fopen'
Application5.cpp(240): warning C4996: 'fopen': This function or variable may be unsafe. Consider using fopen_s instead. To disable deprecation, use _CRT_SECURE_NO_WARNINGS. See online help for details.
  C:\Program Files (x86)\Windows Kits\10\Include\10.0.10240.0\ucrt\stdio.h(205): note: see declaration of 'fopen'
Application5.cpp(250): warning C4996: 'fscanf': This function or variable may be unsafe. Consider using fscanf_s instead. To disable deprecation, use _CRT_SECURE_NO_WARNINGS. See online help for details.
  C:\Program Files (x86)\Windows Kits\10\Include\10.0.10240.0\ucrt\stdio.h(1193): note: see declaration of 'fscanf'
Application5.cpp(251): warning C4996: 'fscanf': This function or variable may be unsafe. Consider using fscanf_s instead. To disable deprecation, use _CRT_SECURE_NO_WARNINGS. See online help for details.
  C:\Program Files (x86)\Windows Kits\10\Include\10.0.10240.0\ucrt\stdio.h(1193): note: see declaration of 'fscanf'
Application5.cpp(257): warning C4996: 'fscanf': This function or variable may be unsafe. Consider using fscanf_s instead. To disable deprecation, use _CRT_SECURE_NO_WARNINGS. See online help for details.
  C:\Program Files (x86)\Windows Kits\10\Include\10.0.10240.0\ucrt\stdio.h(1193): note: see declaration of 'fscanf'
Application5.cpp(263): warning C4996: 'fscanf': This function or variable may be unsafe. Consider using fscanf_s instead. To disable deprecation, use _CRT_SECURE_NO_WARNINGS. See online help for details.
  C:\Program Files (x86)\Windows Kits\10\Include\10.0.10240.0\ucrt\stdio.h(1193): note: see declaration of 'fscanf'
  CS580HW5.vcxproj -> D:\VSWorkSpace\opengl-bootcamp\Accumulation buffer anti-aliasing\.\Debug\CS580HW5.exe
  CS580HW5.vcxproj -> .\Debug\CS580HW5.pdb (Full PDB)
