  rend.cpp
rend.cpp(148): warning C4244: '=': conversion from 'int' to 'float', possible loss of data
rend.cpp(151): warning C4244: '=': conversion from 'int' to 'float', possible loss of data
rend.cpp(154): warning C4244: '=': conversion from 'int' to 'float', possible loss of data
rend.cpp(156): warning C4244: '=': conversion from 'int' to 'float', possible loss of data
rend.cpp(160): warning C4305: '=': truncation from 'INT' to 'float'
rend.cpp(182): warning C4838: conversion from 'double' to 'float' requires a narrowing conversion
rend.cpp(182): warning C4305: 'initializing': truncation from 'double' to 'float'
rend.cpp(183): warning C4838: conversion from 'double' to 'float' requires a narrowing conversion
rend.cpp(183): warning C4305: 'initializing': truncation from 'double' to 'float'
rend.cpp(184): warning C4838: conversion from 'double' to 'float' requires a narrowing conversion
rend.cpp(184): warning C4305: 'initializing': truncation from 'double' to 'float'
rend.cpp(590): warning C4244: '=': conversion from 'float' to 'int', possible loss of data
rend.cpp(591): warning C4244: '=': conversion from 'float' to 'int', possible loss of data
rend.cpp(592): warning C4244: '=': conversion from 'float' to 'int', possible loss of data
rend.cpp(593): warning C4244: '=': conversion from 'float' to 'int', possible loss of data
rend.cpp(614): warning C4838: conversion from 'int' to 'float' requires a narrowing conversion
rend.cpp(614): warning C4244: 'initializing': conversion from 'int' to 'float', possible loss of data
rend.cpp(627): warning C4244: '=': conversion from 'float' to 'GzDepth', possible loss of data
rend.cpp(647): warning C4244: '=': conversion from 'float' to 'GzDepth', possible loss of data
rend.cpp(664): warning C4244: '=': conversion from 'float' to 'GzDepth', possible loss of data
  Generating Code...
  Compiling...
  CS580HWView.cpp
  CS580HW.cpp
CS580HW.cpp(58): warning C4996: 'CWinApp::Enable3dControls': CWinApp::Enable3dControls is no longer needed. You should remove this call.
  C:\Program Files (x86)\Microsoft Visual Studio 14.0\VC\atlmfc\include\afxwin.h(5224): note: see declaration of 'CWinApp::Enable3dControls'
  Application4.cpp
Application4.cpp(89): warning C4838: conversion from 'double' to 'float' requires a narrowing conversion
Application4.cpp(89): warning C4305: 'initializing': truncation from 'double' to 'float'
Application4.cpp(97): warning C4838: conversion from 'double' to 'float' requires a narrowing conversion
Application4.cpp(97): warning C4305: 'initializing': truncation from 'double' to 'float'
Application4.cpp(100): warning C4305: '=': truncation from 'double' to 'float'
Application4.cpp(101): warning C4305: '=': truncation from 'double' to 'float'
Application4.cpp(102): warning C4305: '=': truncation from 'double' to 'float'
Application4.cpp(104): warning C4305: '=': truncation from 'double' to 'float'
Application4.cpp(105): warning C4305: '=': truncation from 'double' to 'float'
Application4.cpp(108): warning C4305: '=': truncation from 'double' to 'float'
Application4.cpp(112): warning C4305: '=': truncation from 'double' to 'float'
Application4.cpp(121): warning C4838: conversion from 'double' to 'float' requires a narrowing conversion
Application4.cpp(121): warning C4305: 'initializing': truncation from 'double' to 'float'
Application4.cpp(122): warning C4838: conversion from 'double' to 'float' requires a narrowing conversion
Application4.cpp(122): warning C4305: 'initializing': truncation from 'double' to 'float'
Application4.cpp(123): warning C4838: conversion from 'double' to 'float' requires a narrowing conversion
Application4.cpp(123): warning C4305: 'initializing': truncation from 'double' to 'float'
Application4.cpp(124): warning C4838: conversion from 'double' to 'float' requires a narrowing conversion
Application4.cpp(124): warning C4305: 'initializing': truncation from 'double' to 'float'
Application4.cpp(127): warning C4838: conversion from 'double' to 'float' requires a narrowing conversion
Application4.cpp(127): warning C4305: 'initializing': truncation from 'double' to 'float'
Application4.cpp(128): warning C4838: conversion from 'double' to 'float' requires a narrowing conversion
Application4.cpp(128): warning C4305: 'initializing': truncation from 'double' to 'float'
Application4.cpp(129): warning C4838: conversion from 'double' to 'float' requires a narrowing conversion
Application4.cpp(129): warning C4305: 'initializing': truncation from 'double' to 'float'
Application4.cpp(51): warning C4101: 'shaderType': unreferenced local variable
Application4.cpp(45): warning C4101: 'xRes': unreferenced local variable
Application4.cpp(45): warning C4101: 'yRes': unreferenced local variable
Application4.cpp(214): warning C4996: 'fopen': This function or variable may be unsafe. Consider using fopen_s instead. To disable deprecation, use _CRT_SECURE_NO_WARNINGS. See online help for details.
  C:\Program Files (x86)\Windows Kits\10\Include\10.0.10240.0\ucrt\stdio.h(205): note: see declaration of 'fopen'
Application4.cpp(221): warning C4996: 'fopen': This function or variable may be unsafe. Consider using fopen_s instead. To disable deprecation, use _CRT_SECURE_NO_WARNINGS. See online help for details.
  C:\Program Files (x86)\Windows Kits\10\Include\10.0.10240.0\ucrt\stdio.h(205): note: see declaration of 'fopen'
Application4.cpp(231): warning C4996: 'fscanf': This function or variable may be unsafe. Consider using fscanf_s instead. To disable deprecation, use _CRT_SECURE_NO_WARNINGS. See online help for details.
  C:\Program Files (x86)\Windows Kits\10\Include\10.0.10240.0\ucrt\stdio.h(1193): note: see declaration of 'fscanf'
Application4.cpp(232): warning C4996: 'fscanf': This function or variable may be unsafe. Consider using fscanf_s instead. To disable deprecation, use _CRT_SECURE_NO_WARNINGS. See online help for details.
  C:\Program Files (x86)\Windows Kits\10\Include\10.0.10240.0\ucrt\stdio.h(1193): note: see declaration of 'fscanf'
Application4.cpp(238): warning C4996: 'fscanf': This function or variable may be unsafe. Consider using fscanf_s instead. To disable deprecation, use _CRT_SECURE_NO_WARNINGS. See online help for details.
  C:\Program Files (x86)\Windows Kits\10\Include\10.0.10240.0\ucrt\stdio.h(1193): note: see declaration of 'fscanf'
Application4.cpp(244): warning C4996: 'fscanf': This function or variable may be unsafe. Consider using fscanf_s instead. To disable deprecation, use _CRT_SECURE_NO_WARNINGS. See online help for details.
  C:\Program Files (x86)\Windows Kits\10\Include\10.0.10240.0\ucrt\stdio.h(1193): note: see declaration of 'fscanf'
  Application.cpp
  Generating Code...
  CS580HW4.vcxproj -> D:\VSWorkSpace\opengl-bootcamp\Lighting and Shading\.\Debug\CS580HW4.exe
  CS580HW4.vcxproj -> .\Debug\CS580HW4.pdb (Full PDB)
