d:\vsworkspace\opengl-bootcamp\triangle renderer with z-buffer and constant color\debug\vc140.pdb
d:\vsworkspace\opengl-bootcamp\triangle renderer with z-buffer and constant color\debug\vc140.idb
d:\vsworkspace\opengl-bootcamp\triangle renderer with z-buffer and constant color\debug\application.obj
d:\vsworkspace\opengl-bootcamp\triangle renderer with z-buffer and constant color\debug\application2.obj
d:\vsworkspace\opengl-bootcamp\triangle renderer with z-buffer and constant color\debug\cs580hw.obj
d:\vsworkspace\opengl-bootcamp\triangle renderer with z-buffer and constant color\debug\cs580hwdoc.obj
d:\vsworkspace\opengl-bootcamp\triangle renderer with z-buffer and constant color\debug\cs580hwview.obj
d:\vsworkspace\opengl-bootcamp\triangle renderer with z-buffer and constant color\debug\mainfrm.obj
d:\vsworkspace\opengl-bootcamp\triangle renderer with z-buffer and constant color\debug\rend.obj
d:\vsworkspace\opengl-bootcamp\triangle renderer with z-buffer and constant color\debug\cs580hw2.pch
d:\vsworkspace\opengl-bootcamp\triangle renderer with z-buffer and constant color\debug\stdafx.obj
d:\vsworkspace\opengl-bootcamp\triangle renderer with z-buffer and constant color\debug\cs580hw2.ilk
d:\vsworkspace\opengl-bootcamp\triangle renderer with z-buffer and constant color\debug\cs580hw2.exe
d:\vsworkspace\opengl-bootcamp\triangle renderer with z-buffer and constant color\debug\cs580hw2.pdb
d:\vsworkspace\opengl-bootcamp\triangle renderer with z-buffer and constant color\debug\cs580hw.res
d:\vsworkspace\opengl-bootcamp\triangle renderer with z-buffer and constant color\.\debug\cs580hw2.exe
d:\vsworkspace\opengl-bootcamp\triangle renderer with z-buffer and constant color\debug\cs580hw2.tlog\cl.command.1.tlog
d:\vsworkspace\opengl-bootcamp\triangle renderer with z-buffer and constant color\debug\cs580hw2.tlog\cl.read.1.tlog
d:\vsworkspace\opengl-bootcamp\triangle renderer with z-buffer and constant color\debug\cs580hw2.tlog\cl.write.1.tlog
d:\vsworkspace\opengl-bootcamp\triangle renderer with z-buffer and constant color\debug\cs580hw2.tlog\link.command.1.tlog
d:\vsworkspace\opengl-bootcamp\triangle renderer with z-buffer and constant color\debug\cs580hw2.tlog\link.read.1.tlog
d:\vsworkspace\opengl-bootcamp\triangle renderer with z-buffer and constant color\debug\cs580hw2.tlog\link.write.1.tlog
d:\vsworkspace\opengl-bootcamp\triangle renderer with z-buffer and constant color\debug\cs580hw2.tlog\rc.command.1.tlog
d:\vsworkspace\opengl-bootcamp\triangle renderer with z-buffer and constant color\debug\cs580hw2.tlog\rc.read.1.tlog
d:\vsworkspace\opengl-bootcamp\triangle renderer with z-buffer and constant color\debug\cs580hw2.tlog\rc.write.1.tlog
